Performing C++ SOURCE FILE Test CMAKE_HAVE_LIBC_PTHREAD failed with the following output:
Change Dir: /root/workspace/cascade/build-Release/CMakeFiles/CMakeTmp

Run Build Command(s):/usr/bin/make cmTC_47bb2/fast && /usr/bin/make -f CMakeFiles/cmTC_47bb2.dir/build.make CMakeFiles/cmTC_47bb2.dir/build
make[1]: Entering directory '/root/workspace/cascade/build-Release/CMakeFiles/CMakeTmp'
Building CXX object CMakeFiles/cmTC_47bb2.dir/src.cxx.o
/usr/bin/g++    -DCMAKE_HAVE_LIBC_PTHREAD -fPIE   -std=gnu++17 -o CMakeFiles/cmTC_47bb2.dir/src.cxx.o -c /root/workspace/cascade/build-Release/CMakeFiles/CMakeTmp/src.cxx
Linking CXX executable cmTC_47bb2
/usr/bin/cmake -E cmake_link_script CMakeFiles/cmTC_47bb2.dir/link.txt --verbose=1
/usr/bin/g++   -DCMAKE_HAVE_LIBC_PTHREAD    CMakeFiles/cmTC_47bb2.dir/src.cxx.o  -o cmTC_47bb2 
/usr/bin/ld: CMakeFiles/cmTC_47bb2.dir/src.cxx.o: in function `main':
src.cxx:(.text+0x46): undefined reference to `pthread_create'
/usr/bin/ld: src.cxx:(.text+0x52): undefined reference to `pthread_detach'
/usr/bin/ld: src.cxx:(.text+0x63): undefined reference to `pthread_join'
collect2: error: ld returned 1 exit status
make[1]: *** [CMakeFiles/cmTC_47bb2.dir/build.make:87: cmTC_47bb2] Error 1
make[1]: Leaving directory '/root/workspace/cascade/build-Release/CMakeFiles/CMakeTmp'
make: *** [Makefile:121: cmTC_47bb2/fast] Error 2


Source file was:
#include <pthread.h>

void* test_func(void* data)
{
  return data;
}

int main(void)
{
  pthread_t thread;
  pthread_create(&thread, NULL, test_func, NULL);
  pthread_detach(thread);
  pthread_join(thread, NULL);
  pthread_atfork(NULL, NULL, NULL);
  pthread_exit(NULL);

  return 0;
}

Determining if the function pthread_create exists in the pthreads failed with the following output:
Change Dir: /root/workspace/cascade/build-Release/CMakeFiles/CMakeTmp

Run Build Command(s):/usr/bin/make cmTC_2562b/fast && /usr/bin/make -f CMakeFiles/cmTC_2562b.dir/build.make CMakeFiles/cmTC_2562b.dir/build
make[1]: Entering directory '/root/workspace/cascade/build-Release/CMakeFiles/CMakeTmp'
Building CXX object CMakeFiles/cmTC_2562b.dir/CheckFunctionExists.cxx.o
/usr/bin/g++    -DCHECK_FUNCTION_EXISTS=pthread_create -fPIE   -std=gnu++17 -o CMakeFiles/cmTC_2562b.dir/CheckFunctionExists.cxx.o -c /root/workspace/cascade/build-Release/CMakeFiles/CheckLibraryExists/CheckFunctionExists.cxx
Linking CXX executable cmTC_2562b
/usr/bin/cmake -E cmake_link_script CMakeFiles/cmTC_2562b.dir/link.txt --verbose=1
/usr/bin/g++   -DCHECK_FUNCTION_EXISTS=pthread_create    CMakeFiles/cmTC_2562b.dir/CheckFunctionExists.cxx.o  -o cmTC_2562b  -lpthreads 
/usr/bin/ld: cannot find -lpthreads
collect2: error: ld returned 1 exit status
make[1]: *** [CMakeFiles/cmTC_2562b.dir/build.make:87: cmTC_2562b] Error 1
make[1]: Leaving directory '/root/workspace/cascade/build-Release/CMakeFiles/CMakeTmp'
make: *** [Makefile:121: cmTC_2562b/fast] Error 2



Determining if the include file mxnet-cpp/MxNetCpp.h exists failed with the following output:
Change Dir: /root/workspace/cascade/build-Release/CMakeFiles/CMakeTmp

Run Build Command(s):/usr/bin/make cmTC_b62ed/fast && /usr/bin/make -f CMakeFiles/cmTC_b62ed.dir/build.make CMakeFiles/cmTC_b62ed.dir/build
make[1]: Entering directory '/root/workspace/cascade/build-Release/CMakeFiles/CMakeTmp'
Building CXX object CMakeFiles/cmTC_b62ed.dir/CheckIncludeFile.cxx.o
/usr/bin/g++  -DFUSE_USE_VERSION=30  -fPIE   -std=gnu++17 -o CMakeFiles/cmTC_b62ed.dir/CheckIncludeFile.cxx.o -c /root/workspace/cascade/build-Release/CMakeFiles/CMakeTmp/CheckIncludeFile.cxx
/root/workspace/cascade/build-Release/CMakeFiles/CMakeTmp/CheckIncludeFile.cxx:1:10: fatal error: mxnet-cpp/MxNetCpp.h: No such file or directory
    1 | #include <mxnet-cpp/MxNetCpp.h>
      |          ^~~~~~~~~~~~~~~~~~~~~~
compilation terminated.
make[1]: *** [CMakeFiles/cmTC_b62ed.dir/build.make:66: CMakeFiles/cmTC_b62ed.dir/CheckIncludeFile.cxx.o] Error 1
make[1]: Leaving directory '/root/workspace/cascade/build-Release/CMakeFiles/CMakeTmp'
make: *** [Makefile:121: cmTC_b62ed/fast] Error 2



